<?xml version="1.0" encoding="UTF-8"?>
<!-- Generated by org.testng.reporters.JUnitXMLReporter -->
<testsuite ignored="2" hostname="DESKTOP-S0C7IEU" failures="1" tests="2" name="firefox" time="50.447" errors="0" timestamp="2022-02-01T10:47:03 IST">
  <testcase classname="scripts.TC_001_Login_Test" name="testcase_01" time="6.755"/>
  <testcase classname="scripts.TC_002_ExternalLinks_Test" name="testcase_01" time="9.534">
    <failure type="org.openqa.selenium.ElementNotInteractableException" message="Element &amp;lt;a class=&amp;quot;a-link-normal center-image aok-block image-window&amp;quot; href=&amp;quot;https://development.amazon.com/gp/redirect.html?_encoding=UTF8&amp;amp;location=https%3A%2F%2Fwww.amazon.in%2Fh%2Frewards%3Fref_%3Dgw_perc_pc&amp;amp;source=standards&amp;amp;token=0994B4FBA445C07784BDAD5DF58EA4ED6B194566&amp;quot;&amp;gt; is not reachable by keyboard
Build info: version: &amp;apos;3.141.59&amp;apos;, revision: &amp;apos;e82be7d358&amp;apos;, time: &amp;apos;2018-11-14T08:17:03&amp;apos;
System info: host: &amp;apos;DESKTOP-S0C7IEU&amp;apos;, ip: &amp;apos;192.168.29.154&amp;apos;, os.name: &amp;apos;Windows 10&amp;apos;, os.arch: &amp;apos;amd64&amp;apos;, os.version: &amp;apos;10.0&amp;apos;, java.version: &amp;apos;16.0.2&amp;apos;
Driver info: org.openqa.selenium.firefox.FirefoxDriver
Capabilities {acceptInsecureCerts: true, browserName: firefox, browserVersion: 96.0.3, javascriptEnabled: true, moz:accessibilityChecks: false, moz:buildID: 20220126154723, moz:geckodriverVersion: 0.30.0, moz:headless: false, moz:processID: 1432, moz:profile: C:\Users\pc\AppData\Local\T..., moz:shutdownTimeout: 60000, moz:useNonSpecCompliantPointerOrigin: false, moz:webdriverClick: true, pageLoadStrategy: normal, platform: WINDOWS, platformName: WINDOWS, platformVersion: 10.0, proxy: Proxy(), setWindowRect: true, strictFileInteractability: false, timeouts: {implicit: 0, pageLoad: 300000, script: 30000}, unhandledPromptBehavior: dismiss and notify}
Session ID: 79497f7b-3b66-4c4e-9a8a-3dbfe32ac576">
      <![CDATA[org.openqa.selenium.ElementNotInteractableException: Element <a class="a-link-normal center-image aok-block image-window" href="https://development.amazon.com/gp/redirect.html?_encoding=UTF8&location=https%3A%2F%2Fwww.amazon.in%2Fh%2Frewards%3Fref_%3Dgw_perc_pc&source=standards&token=0994B4FBA445C07784BDAD5DF58EA4ED6B194566"> is not reachable by keyboard
Build info: version: '3.141.59', revision: 'e82be7d358', time: '2018-11-14T08:17:03'
System info: host: 'DESKTOP-S0C7IEU', ip: '192.168.29.154', os.name: 'Windows 10', os.arch: 'amd64', os.version: '10.0', java.version: '16.0.2'
Driver info: org.openqa.selenium.firefox.FirefoxDriver
Capabilities {acceptInsecureCerts: true, browserName: firefox, browserVersion: 96.0.3, javascriptEnabled: true, moz:accessibilityChecks: false, moz:buildID: 20220126154723, moz:geckodriverVersion: 0.30.0, moz:headless: false, moz:processID: 1432, moz:profile: C:\Users\pc\AppData\Local\T..., moz:shutdownTimeout: 60000, moz:useNonSpecCompliantPointerOrigin: false, moz:webdriverClick: true, pageLoadStrategy: normal, platform: WINDOWS, platformName: WINDOWS, platformVersion: 10.0, proxy: Proxy(), setWindowRect: true, strictFileInteractability: false, timeouts: {implicit: 0, pageLoad: 300000, script: 30000}, unhandledPromptBehavior: dismiss and notify}
Session ID: 79497f7b-3b66-4c4e-9a8a-3dbfe32ac576
at org.openqa.selenium.remote.http.W3CHttpResponseCodec.createException(W3CHttpResponseCodec.java:187)
at org.openqa.selenium.remote.http.W3CHttpResponseCodec.decode(W3CHttpResponseCodec.java:122)
at org.openqa.selenium.remote.http.W3CHttpResponseCodec.decode(W3CHttpResponseCodec.java:49)
at org.openqa.selenium.remote.HttpCommandExecutor.execute(HttpCommandExecutor.java:158)
at org.openqa.selenium.remote.service.DriverCommandExecutor.execute(DriverCommandExecutor.java:83)
at org.openqa.selenium.remote.RemoteWebDriver.execute(RemoteWebDriver.java:552)
at org.openqa.selenium.remote.RemoteWebElement.execute(RemoteWebElement.java:285)
at org.openqa.selenium.remote.RemoteWebElement.sendKeys(RemoteWebElement.java:106)
at generic_library.WebDriverutilities.openAllLinks(WebDriverutilities.java:98)
at pom_pages.Home.openAllLinks(Home.java:26)
at scripts.TC_002_ExternalLinks_Test.testcase_01(TC_002_ExternalLinks_Test.java:19)
at java.base/java.util.ArrayList.forEach(ArrayList.java:1511)
... Removed 32 stack frames]]>
    </failure>
  </testcase> <!-- testcase_01 -->
  <testcase classname="generic_library.BaseClass" name="@BeforeSuite setExtentReport" time="0.0">
    <ignored/>
  </testcase> <!-- @BeforeSuite setExtentReport -->
  <testcase classname="generic_library.BaseClass" name="@AfterSuite endExtentReport" time="0.0">
    <ignored/>
  </testcase> <!-- @AfterSuite endExtentReport -->
</testsuite> <!-- firefox -->
