<?xml version="1.0" encoding="UTF-8"?>
<!-- Generated by org.testng.reporters.JUnitXMLReporter -->
<testsuite ignored="0" hostname="DESKTOP-S0C7IEU" failures="1" tests="1" name="microsoft_edge1" time="35.737" errors="0" timestamp="2022-02-01T12:51:48 IST">
  <testcase classname="scripts.TC_002_ExternalLinks_Test" name="testcase_02" time="28.264">
    <failure type="org.openqa.selenium.ElementNotInteractableException" message="element not interactable
  (Session info: MicrosoftEdge=97.0.1072.76)
Build info: version: &amp;apos;3.141.59&amp;apos;, revision: &amp;apos;e82be7d358&amp;apos;, time: &amp;apos;2018-11-14T08:17:03&amp;apos;
System info: host: &amp;apos;DESKTOP-S0C7IEU&amp;apos;, ip: &amp;apos;192.168.29.154&amp;apos;, os.name: &amp;apos;Windows 10&amp;apos;, os.arch: &amp;apos;amd64&amp;apos;, os.version: &amp;apos;10.0&amp;apos;, java.version: &amp;apos;16.0.2&amp;apos;
Driver info: org.openqa.selenium.edge.EdgeDriver
Capabilities {acceptInsecureCerts: false, browserName: msedge, browserVersion: 97.0.1072.76, javascriptEnabled: true, ms:edgeOptions: {debuggerAddress: localhost:51107}, msedge: {msedgedriverVersion: 97.0.1072.76 (67eb904139a24..., userDataDir: C:\Users\pc\AppData\Local\T...}, networkConnectionEnabled: false, pageLoadStrategy: normal, platform: WINDOWS, platformName: WINDOWS, proxy: Proxy(), setWindowRect: true, strictFileInteractability: false, timeouts: {implicit: 0, pageLoad: 300000, script: 30000}, unhandledPromptBehavior: dismiss and notify, webauthn:extension:credBlob: true, webauthn:extension:largeBlob: true, webauthn:virtualAuthenticators: true}
Session ID: db7c2285b024dd8acad6dbbd636fd03f">
      <![CDATA[org.openqa.selenium.ElementNotInteractableException: element not interactable
  (Session info: MicrosoftEdge=97.0.1072.76)
Build info: version: '3.141.59', revision: 'e82be7d358', time: '2018-11-14T08:17:03'
System info: host: 'DESKTOP-S0C7IEU', ip: '192.168.29.154', os.name: 'Windows 10', os.arch: 'amd64', os.version: '10.0', java.version: '16.0.2'
Driver info: org.openqa.selenium.edge.EdgeDriver
Capabilities {acceptInsecureCerts: false, browserName: msedge, browserVersion: 97.0.1072.76, javascriptEnabled: true, ms:edgeOptions: {debuggerAddress: localhost:51107}, msedge: {msedgedriverVersion: 97.0.1072.76 (67eb904139a24..., userDataDir: C:\Users\pc\AppData\Local\T...}, networkConnectionEnabled: false, pageLoadStrategy: normal, platform: WINDOWS, platformName: WINDOWS, proxy: Proxy(), setWindowRect: true, strictFileInteractability: false, timeouts: {implicit: 0, pageLoad: 300000, script: 30000}, unhandledPromptBehavior: dismiss and notify, webauthn:extension:credBlob: true, webauthn:extension:largeBlob: true, webauthn:virtualAuthenticators: true}
Session ID: db7c2285b024dd8acad6dbbd636fd03f
at org.openqa.selenium.remote.http.W3CHttpResponseCodec.createException(W3CHttpResponseCodec.java:187)
at org.openqa.selenium.remote.http.W3CHttpResponseCodec.decode(W3CHttpResponseCodec.java:122)
at org.openqa.selenium.remote.http.W3CHttpResponseCodec.decode(W3CHttpResponseCodec.java:49)
at org.openqa.selenium.remote.HttpCommandExecutor.execute(HttpCommandExecutor.java:158)
at org.openqa.selenium.remote.service.DriverCommandExecutor.execute(DriverCommandExecutor.java:83)
at org.openqa.selenium.remote.RemoteWebDriver.execute(RemoteWebDriver.java:552)
at org.openqa.selenium.remote.RemoteWebElement.execute(RemoteWebElement.java:285)
at org.openqa.selenium.remote.RemoteWebElement.sendKeys(RemoteWebElement.java:106)
at generic_library.WebDriverutilities.openAllLinks(WebDriverutilities.java:98)
at pom_pages.Home.openAllLinks(Home.java:26)
at scripts.TC_002_ExternalLinks_Test.testcase_02(TC_002_ExternalLinks_Test.java:19)
at java.base/java.util.concurrent.ThreadPoolExecutor.runWorker(ThreadPoolExecutor.java:1130)
at java.base/java.util.concurrent.ThreadPoolExecutor$Worker.run(ThreadPoolExecutor.java:630)
at java.base/java.lang.Thread.run(Thread.java:831)
... Removed 17 stack frames]]>
    </failure>
  </testcase> <!-- testcase_02 -->
</testsuite> <!-- microsoft_edge1 -->
