<?xml version="1.0" encoding="UTF-8"?>
<testsuite xmlns:xsi="http://www.w3.org/2001/XMLSchema-instance" xsi:noNamespaceSchemaLocation="https://maven.apache.org/surefire/maven-surefire-plugin/xsd/surefire-test-report.xsd" name="TestSuite" time="1.416" tests="6" errors="0" skipped="4" failures="2">
  <properties>
[...]
</properties>
  <testcase name="verifyBrowsers" classname="scripts.TC_001_Login_Test" time="0.909">
    <failure message="&#10;Parameter &apos;browsers&apos; is required by BeforeMethod on method verifyBrowsers but has not been marked @Optional or defined&#10;" type="org.testng.TestNGException">org.testng.TestNGException: 

Parameter 'browsers' is required by BeforeMethod on method verifyBrowsers but has not been marked @Optional or defined

</failure>
  </testcase>
  <testcase name="testcase_01" classname="scripts.TC_001_Login_Test" time="0">
    <skipped message="&#10;Parameter &apos;browsers&apos; is required by BeforeMethod on method verifyBrowsers but has not been marked @Optional or defined&#10;"/>
  </testcase>
  <testcase name="teardown" classname="scripts.TC_001_Login_Test" time="0">
    <skipped/>
  </testcase>
  <testcase name="verifyBrowsers" classname="scripts.TC_002_ExternalLinks_Test" time="0.006">
    <failure message="&#10;Parameter &apos;browsers&apos; is required by BeforeMethod on method verifyBrowsers but has not been marked @Optional or defined&#10;" type="org.testng.TestNGException">org.testng.TestNGException: 

Parameter 'browsers' is required by BeforeMethod on method verifyBrowsers but has not been marked @Optional or defined

</failure>
  </testcase>
  <testcase name="testcase_01" classname="scripts.TC_002_ExternalLinks_Test" time="0">
    <skipped message="&#10;Parameter &apos;browsers&apos; is required by BeforeMethod on method verifyBrowsers but has not been marked @Optional or defined&#10;"/>
  </testcase>
  <testcase name="teardown" classname="scripts.TC_002_ExternalLinks_Test" time="0">
    <skipped/>
  </testcase>
</testsuite>