<?xml version="1.0" encoding="UTF-8"?>
<testng-results ignored="0" total="1" passed="1" failed="0" skipped="0">
  <reporter-output>
  </reporter-output>
  <suite started-at="2022-03-09T18:08:13 IST" name="Suite" finished-at="2022-03-09T18:08:31 IST" duration-ms="18523">
    <groups>
    </groups>
    <test started-at="2022-03-09T18:08:13 IST" name="Test" finished-at="2022-03-09T18:08:31 IST" duration-ms="18523">
      <class name="scripts.TC_001_Login_Test">
        <test-method is-config="true" signature="setExtentReport()[pri:0, instance:scripts.TC_001_Login_Test@573906eb]" started-at="2022-03-09T18:08:12 IST" name="setExtentReport" finished-at="2022-03-09T18:08:13 IST" duration-ms="370" status="PASS">
          <reporter-output>
          </reporter-output>
        </test-method> <!-- setExtentReport -->
        <test-method is-config="true" signature="verifyBrowsers(java.lang.String)[pri:0, instance:scripts.TC_001_Login_Test@573906eb]" started-at="2022-03-09T18:08:13 IST" name="verifyBrowsers" finished-at="2022-03-09T18:08:26 IST" duration-ms="13287" status="PASS">
          <params>
            <param index="0">
              <value>
                <![CDATA[chrome]]>
              </value>
            </param>
          </params>
          <reporter-output>
          </reporter-output>
        </test-method> <!-- verifyBrowsers -->
        <test-method signature="testcase_01()[pri:1, instance:scripts.TC_001_Login_Test@573906eb]" started-at="2022-03-09T18:08:26 IST" name="testcase_01" finished-at="2022-03-09T18:08:31 IST" duration-ms="4370" status="PASS">
          <reporter-output>
          </reporter-output>
        </test-method> <!-- testcase_01 -->
        <test-method is-config="true" signature="teardown(org.testng.ITestResult)[pri:0, instance:scripts.TC_001_Login_Test@573906eb]" started-at="2022-03-09T18:08:31 IST" name="teardown" finished-at="2022-03-09T18:08:31 IST" duration-ms="480" status="PASS">
          <params>
            <param index="0">
              <value>
                <![CDATA[[TestResult name=testcase_01 status=SUCCESS method=TC_001_Login_Test.testcase_01()[pri:1, instance:scripts.TC_001_Login_Test@573906eb] output={null}]]]>
              </value>
            </param>
          </params>
          <reporter-output>
          </reporter-output>
        </test-method> <!-- teardown -->
        <test-method is-config="true" signature="endExtentReport()[pri:0, instance:scripts.TC_001_Login_Test@573906eb]" started-at="2022-03-09T18:08:31 IST" name="endExtentReport" finished-at="2022-03-09T18:08:32 IST" duration-ms="651" status="PASS">
          <reporter-output>
          </reporter-output>
        </test-method> <!-- endExtentReport -->
      </class> <!-- scripts.TC_001_Login_Test -->
    </test> <!-- Test -->
  </suite> <!-- Suite -->
</testng-results>
